1bec app_context::start_logger  476 ---- 2026/05/08 19:46:37.159 -------------------------------------------------
1bec app_context::start_logger  479 Host process is 'cmd.exe' (pid 7148)
1bec app_context::start_logger  483 DLL path is 'C:\Users\sssk-\Downloads\cmder\vendor\clink'
1bec app_context::start_logger  498 Windows version 10.0.26200 (x64)
1bec app_context::start_logger  500 Clink version 1.6.14.93b83f (x64)
1bec hook_setter::hook_setter  159 >>> Started hook transaction.
1bec hook_setter::attach_iat   316 Attempting to hook SetEnvironmentVariableW in IAT for module 00007FF6C52F0000.
1bec pe_info::iterate_imports  195 Found import in 'api-ms-win-core-processenvironment-l1-1-0.dll'
1bec find_iat                  124 Found import at 00007FF6C532AE70 (value is 00007FFA940637F0).
1bec hook_setter::attach_iat   316 Attempting to hook SetEnvironmentStringsW in IAT for module 00007FF6C52F0000.
1bec pe_info::iterate_imports  195 Found import in 'api-ms-win-core-processenvironment-l1-1-0.dll'
1bec find_iat                  124 Found import at 00007FF6C532AE78 (value is 00007FFA94076C80).
1bec hook_setter::attach_iat   316 Attempting to hook WriteConsoleW in IAT for module 00007FF6C52F0000.
1bec pe_info::iterate_imports  195 Found import in 'api-ms-win-core-console-l1-1-0.dll'
1bec find_iat                  124 Found import at 00007FF6C532AAB8 (value is 00007FFA9405DC60).
1bec hook_setter::attach_iat   316 Attempting to hook GetEnvironmentVariableW in IAT for module 00007FF6C52F0000.
1bec pe_info::iterate_imports  195 Found import in 'api-ms-win-core-processenvironment-l1-1-0.dll'
1bec find_iat                  124 Found import at 00007FF6C532AE50 (value is 00007FFA94044060).
1bec hook_setter::commit       207 <<< Hook transaction committed.
1bec hook_setter::hook_setter  159 >>> Started hook transaction.
1bec hook_setter::detach_iat   359 Attempting to unhook 00007FFA1AEA5200 from GetEnvironmentVariableW in IAT for module 00007FF6C52F0000.
1bec pe_info::iterate_imports  195 Found import in 'api-ms-win-core-processenvironment-l1-1-0.dll'
1bec find_iat                  124 Found import at 00007FF6C532AE50 (value is 00007FFA1AEA5200).
1bec hook_setter::commit       207 <<< Hook transaction committed.
1bec hook_setter::hook_setter  159 >>> Started hook transaction.
1bec hook_setter::attach_iat   316 Attempting to hook ReadConsoleW in IAT for module 00007FF6C52F0000.
1bec pe_info::iterate_imports  195 Found import in 'api-ms-win-core-console-l1-1-0.dll'
1bec find_iat                  124 Found import at 00007FF6C532AAC8 (value is 00007FFA94044880).
1bec hook_setter::commit       207 <<< Hook transaction committed.
1bec hook_setter::hook_setter  159 >>> Started hook transaction.
1bec hook_setter::attach_iat   316 Attempting to hook SetConsoleTitleW in IAT for module 00007FF6C52F0000.
1bec pe_info::iterate_imports  195 Found import in 'api-ms-win-core-console-l2-2-0.dll'
1bec find_iat                  124 Found import at 00007FF6C532AB30 (value is 00007FFA94052FD0).
1bec hook_setter::commit       207 <<< Hook transaction committed.
1bec win_screen_buffer::begin  366 Using native terminal support (auto mode found 'ConEmuHk64.dll').
1bec reset_handle              144 resetting mismatched stdin handle
1bec reset_handle              144 resetting mismatched stdout handle
1bec reset_handle              144 resetting mismatched stderr handle
1bec reset_handle              144 resetting mismatched stdout handle
1bec reset_handle              144 resetting mismatched stderr handle
1bec host_lua::load_scripts    192 Loaded 2 Lua scripts in 84 ms
1bec @~clink~/app/update.lua   356 Clink updater: updating because there is no record of having updated before.
1bec extract_ctag              931 read 0 bytes
1bec extract_ctag              931 read 0 bytes
1bec history_db::initialise   1321 master bank ctag: |CTAG_1778258798_1463656171_7148_0
1bec history_db::compact      1599 History:  0 active, 0 deleted
1bec @~clink~/app/update.lua   425 Clink updater: latest release is v1.9.21; install type is zip.
1bec @~clink~/app/update.lua   451 Clink updater: downloading https://github.com/chrisant996/clink/releases/download/v1.9.21/clink.1.9.21.3cc8b4.zip to C:\Users\sssk-\AppData\Local\Temp\clink\updater\v1.9.21.zip.
1bec @~clink~/app/update.lua   577 Clink updater: update in C:\Users\sssk-\AppData\Local\Temp\clink\updater\v1.9.21.zip is ready to be applied.
1bec reset_handle              144 resetting mismatched stdout handle
1bec reset_handle              144 resetting mismatched stderr handle
1bec history_db::compact      1599 History:  0 active, 0 deleted
1bec reset_handle              144 resetting mismatched stdout handle
1bec reset_handle              144 resetting mismatched stderr handle
1bec history_db::compact      1599 History:  0 active, 0 deleted
1bec reset_handle              144 resetting mismatched stdout handle
1bec reset_handle              144 resetting mismatched stderr handle
1bec history_db::compact      1599 History:  0 active, 0 deleted
1bec reset_handle              144 resetting mismatched stdout handle
1bec reset_handle              144 resetting mismatched stderr handle
1bec history_db::compact      1599 History:  0 active, 0 deleted
1bec reset_handle              144 resetting mismatched stdout handle
1bec reset_handle              144 resetting mismatched stderr handle
1bec history_db::compact      1599 History:  0 active, 0 deleted
1bec reset_handle              144 resetting mismatched stdout handle
1bec reset_handle              144 resetting mismatched stderr handle
1bec history_db::compact      1599 History:  0 active, 0 deleted
1bec reset_handle              144 resetting mismatched stdout handle
1bec reset_handle              144 resetting mismatched stderr handle
1bec history_db::compact      1599 History:  0 active, 0 deleted
1bec reset_handle              144 resetting mismatched stdout handle
1bec reset_handle              144 resetting mismatched stderr handle
1bec history_db::compact      1599 History:  0 active, 0 deleted
1bec reset_handle              144 resetting mismatched stdout handle
1bec reset_handle              144 resetting mismatched stderr handle
1bec history_db::compact      1599 History:  0 active, 0 deleted
1bec reset_handle              144 resetting mismatched stdout handle
1bec reset_handle              144 resetting mismatched stderr handle
1bec history_db::compact      1599 History:  0 active, 0 deleted
1bec reset_handle              144 resetting mismatched stdout handle
1bec reset_handle              144 resetting mismatched stdout handle
1bec reset_handle              144 resetting mismatched stderr handle
1bec history_db::compact      1599 History:  0 active, 0 deleted
